<?xml version="1.0" encoding="UTF-8"?>
<!-- Generated by org.testng.reporters.JUnitReportReporter -->
<testsuite hostname="Abhijit" name="com.qa.hubspot.tests.LoginPageTest" tests="2" failures="0" timestamp="6 Aug 2019 05:39:32 GMT" time="54.072" errors="0">
  <testcase name="verifySignUpLinkTest" time="29.689" classname="com.qa.hubspot.tests.LoginPageTest"/>
  <testcase name="verifyLoginPageTitleTest" time="24.383" classname="com.qa.hubspot.tests.LoginPageTest"/>
</testsuite> <!-- com.qa.hubspot.tests.LoginPageTest -->
